T309C 262217:051 SEGGER J-Link V6.10 Log File (0000ms, 15866ms total)
T309C 262217:051 DLL Compiled: Sep 14 2016 16:45:07 (0000ms, 15866ms total)
T309C 262217:051 Logging started @ 2017-01-15 21:25 (0000ms, 15866ms total)
T309C 262217:123 JLINK_ExecCommand("Device = ATSAMD21G18A", ...). Device "ATSAMD21G18" selected.  returns 0x00 (0001ms, 15867ms total)
T309C 262217:194 JLINK_ExecCommand("device = ATSAMD21G18A", ...). Device "ATSAMD21G18" selected.  returns 0x00 (0000ms, 15867ms total)
T309C 262217:194 JLINK_GetHWStatus(...)  returns 0x00 (0000ms, 15867ms total)
T309C 262217:194 JLINK_ClrRESET() (0000ms, 15867ms total)
T309C 262217:194 JLINK_SetRESET() (0000ms, 15867ms total)
T309C 262217:194 JLINK_ClrRESET() (0000ms, 15867ms total)
T309C 262217:194 JLINK_ClrTCK()  returns 0x00 (0000ms, 15867ms total)
T309C 262217:194 JLINK_SetRESET() (0001ms, 15868ms total)
T309C 262217:195 JLINK_Clock()  returns 0x00 (0000ms, 15868ms total)
T309C 262217:195 JLINK_TIF_Select(JLINKARM_TIF_SWD)  returns 0x00 (0000ms, 15868ms total)
T309C 262217:195 JLINK_SetSpeed(50) (0000ms, 15868ms total)
T309C 262217:195 JLINK_JTAG_StoreRaw(..., 0x108 Bits)  returns 0x00 (0000ms, 15868ms total)
T309C 262217:195 JLINK_JTAG_GetU32(BitPos = 227) >0x108 TIF>  returns 0x0BC11477 (0006ms, 15874ms total)
T309C 262217:201 JLINK_JTAG_StoreRaw(..., 0x08 Bits)  returns 0x00 (0000ms, 15874ms total)
T309C 262217:201 JLINK_JTAG_StoreRaw(..., 0x03 Bits)  returns 0x08 (0000ms, 15874ms total)
T309C 262217:201 JLINK_JTAG_StoreRaw(..., 0x28 Bits)  returns 0x0B (0000ms, 15874ms total)
T309C 262217:201 JLINK_JTAG_GetU8(BitPos = 8) >0x33 TIF>  returns 0xB9 (0001ms, 15875ms total)
T309C 262217:202 JLINK_JTAG_GetU32(BitPos = 11)  returns 0x0BC11477 (0000ms, 15875ms total)
T309C 262217:202 JLINK_JTAG_GetU8(BitPos = 43)  returns 0x02 (0000ms, 15875ms total)
T309C 262217:202 JLINK_JTAG_StoreRaw(..., 0x08 Bits)  returns 0x00 (0000ms, 15875ms total)
T309C 262217:202 JLINK_JTAG_StoreRaw(..., 0x03 Bits)  returns 0x08 (0000ms, 15875ms total)
T309C 262217:202 JLINK_JTAG_StoreRaw(..., 0x28 Bits)  returns 0x0B (0000ms, 15875ms total)
T309C 262217:202 JLINK_JTAG_GetU8(BitPos = 8) >0x33 TIF>  returns 0x01 (0001ms, 15876ms total)
T309C 262217:203 JLINK_JTAG_GetU32(BitPos = 11)  returns 0x00000000 (0000ms, 15876ms total)
T309C 262217:203 JLINK_JTAG_GetU8(BitPos = 43)  returns 0x02 (0000ms, 15876ms total)
T309C 262217:203 JLINK_JTAG_StoreRaw(..., 0x08 Bits)  returns 0x00 (0000ms, 15876ms total)
T309C 262217:203 JLINK_JTAG_StoreRaw(..., 0x03 Bits)  returns 0x08 (0000ms, 15876ms total)
T309C 262217:203 JLINK_JTAG_StoreRaw(..., 0x02 Bits)  returns 0x0B (0000ms, 15876ms total)
T309C 262217:203 JLINK_JTAG_StoreRaw(..., 0x28 Bits)  returns 0x0D (0000ms, 15876ms total)
T309C 262217:203 JLINK_JTAG_GetU8(BitPos = 8) >0x35 TIF>  returns 0x39 (0002ms, 15878ms total)
T309C 262217:205 JLINK_JTAG_StoreRaw(..., 0x08 Bits)  returns 0x00 (0000ms, 15878ms total)
T309C 262217:205 JLINK_JTAG_StoreRaw(..., 0x03 Bits)  returns 0x08 (0000ms, 15878ms total)
T309C 262217:205 JLINK_JTAG_StoreRaw(..., 0x28 Bits)  returns 0x0B (0000ms, 15878ms total)
T309C 262217:205 JLINK_JTAG_GetU8(BitPos = 8) >0x33 TIF>  returns 0x09 (0001ms, 15879ms total)
T309C 262217:206 JLINK_JTAG_GetU32(BitPos = 11)  returns 0xF0000001 (0000ms, 15879ms total)
T309C 262217:206 JLINK_JTAG_GetU8(BitPos = 43)  returns 0x03 (0000ms, 15879ms total)
T309C 262217:206 JLINK_WriteU32(0x41002100, 0x00000010) >0x108 TIF>Found SWD-DP with ID 0x0BC11477 >0x0D TIF> >0x28 TIF> >0x0D TIF> >0x28 TIF> >0x0D TIF> >0x28 TIF> >0x0D TIF> >0x28 TIF> >0x0D TIF> >0x21 TIF> >0x0D TIF> >0x28 TIF> >0x0D TIF> >0x28 TIF> >0x0D TIF> >0x28 TIF> >0x0D TIF> >0x21 TIF> >0x0D TIF> >0x21 TIF> >0x108 TIF>Found SWD-DP with ID 0x0BC11477 >0x0D TIF> >0x28 TIF> >0x0D TIF> >0x28 TIF> >0x0D TIF> >0x28 TIF> >0x0D TIF> >0x28 TIF> >0x0D TIF> >0x21 TIF> >0x0D TIF> >0x28 TIF> >0x0D TIF>
 >0x28 TIF> >0x0D TIF> >0x21 TIF> >0x0D TIF> >0x21 TIF> >0x0D TIF> >0x21 TIF>AP-IDR: 0x04770031, Type: AHB-AP >0x0D TIF> >0x28 TIF> >0x0D TIF> >0x28 TIF> >0x0D TIF> >0x28 TIF> >0x0D TIF> >0x21 TIF> >0x0D TIF> >0x21 TIF> >0x0D TIF> >0x28 TIF> >0x0D TIF> >0x21 TIF> >0x0D TIF> >0x21 TIF>Found Cortex-M0 r0p1, Little endian. -- CPU_ReadMem(4 bytes @ 0xE000EDF0) -- CPU_WriteMem(4 bytes @ 0xE000EDF0) -- CPU_ReadMem(4 bytes @ 0xE0002000)FPUnit: 4 code (BP) slots and 0 literal slots
 -- CPU_ReadMem(4 bytes @ 0xE000EDFC) -- CPU_WriteMem(4 bytes @ 0xE000EDFC) -- CPU_ReadMem(4 bytes @ 0xE0001000) -- CPU_WriteMem(4 bytes @ 0xE0001000)CoreSight components:ROMTbl 0 @ 41003000 -- CPU_ReadMem(16 bytes @ 0x41003000) -- CPU_ReadMem(16 bytes @ 0xE00FFFF0) -- CPU_ReadMem(16 bytes @ 0xE00FFFE0)ROMTbl 0 [0]: 9F0FC000, CID: B105100D, PID: 000BB4C0 ROM TableROMTbl 1 @ E00FF000 -- CPU_ReadMem(16 bytes @ 0xE00FF000) -- CPU_ReadMem(16 bytes @ 0xE000EFF0) -- CPU_ReadMem(16 bytes @ 0xE000EFE0)
ROMTbl 1 [0]: FFF0F000, CID: B105E00D, PID: 000BB008 SCS -- CPU_ReadMem(16 bytes @ 0xE0001FF0) -- CPU_ReadMem(16 bytes @ 0xE0001FE0)ROMTbl 1 [1]: FFF02000, CID: B105E00D, PID: 000BB00A DWT -- CPU_ReadMem(16 bytes @ 0xE0002FF0) -- CPU_ReadMem(16 bytes @ 0xE0002FE0)ROMTbl 1 [2]: FFF03000, CID: B105E00D, PID: 000BB00B FPB -- CPU_ReadMem(16 bytes @ 0x41006FF0) -- CPU_ReadMem(16 bytes @ 0x41006FE0)ROMTbl 0 [1]: 00003000, CID: B105900D, PID: 001BB932 MTB-M0+ -- CPU is running
 -- CPU_WriteMem(4 bytes @ 0x41002100)  returns 0x00 (0205ms, 16084ms total)
T309C 262217:411 JLINK_ReadMem (0x41002101, 0x0001 Bytes, ...) -- CPU is running -- CPU_ReadMem(1 bytes @ 0x41002101) - Data: 01  returns 0x00 (0033ms, 16117ms total)
T309C 262217:445 JLINK_ExecCommand("ProjectFile = C:\Users\Andreas\Documents\Atmel Studio\7.0\GccBoardProject1\GccBoardProject1\jlink.config", ...).   returns 0x00 (0000ms, 16117ms total)
T309C 262217:511 JLINK_ExecCommand("Device = ATSAMD21G18A", ...). Device "ATSAMD21G18" selected.  returns 0x00 (0001ms, 16118ms total)
T309C 262217:512 JLINK_TIF_Select(JLINKARM_TIF_SWD)  returns 0x00 (0000ms, 16118ms total)
T309C 262217:512 JLINK_SetSpeed(4000) (0000ms, 16118ms total)
T309C 262217:512 JLINK_ResetPullsRESET(OFF) (0000ms, 16118ms total)
T309C 262217:512 JLINK_Connect() >0x108 TIF>Found SWD-DP with ID 0x0BC11477 >0x0D TIF> >0x28 TIF> >0x0D TIF> >0x28 TIF> >0x0D TIF> >0x28 TIF> >0x0D TIF> >0x28 TIF> >0x0D TIF> >0x21 TIF> >0x0D TIF> >0x28 TIF> >0x0D TIF> >0x28 TIF> >0x0D TIF> >0x28 TIF> >0x0D TIF> >0x21 TIF> >0x0D TIF> >0x21 TIF> >0x108 TIF>Found SWD-DP with ID 0x0BC11477 >0x0D TIF> >0x28 TIF> >0x0D TIF> >0x28 TIF> >0x0D TIF> >0x28 TIF> >0x0D TIF> >0x28 TIF> >0x0D TIF> >0x21 TIF> >0x0D TIF> >0x28 TIF> >0x0D TIF> >0x28 TIF> >0x0D TIF>
 >0x21 TIF> >0x0D TIF> >0x21 TIF> >0x0D TIF> >0x21 TIF>AP-IDR: 0x04770031, Type: AHB-AP >0x0D TIF> >0x28 TIF> >0x0D TIF> >0x28 TIF> >0x0D TIF> >0x28 TIF> >0x0D TIF> >0x21 TIF> >0x0D TIF> >0x21 TIF> >0x0D TIF> >0x28 TIF> >0x0D TIF> >0x21 TIF> >0x0D TIF> >0x21 TIF>Found Cortex-M0 r0p1, Little endian. -- CPU_ReadMem(4 bytes @ 0xE000EDF0) -- CPU_ReadMem(4 bytes @ 0xE0002000)FPUnit: 4 code (BP) slots and 0 literal slots -- CPU_ReadMem(4 bytes @ 0xE000EDFC) -- CPU_ReadMem(4 bytes @ 0xE0001000)
 -- CPU_WriteMem(4 bytes @ 0xE0001000)CoreSight components:ROMTbl 0 @ 41003000 -- CPU_ReadMem(16 bytes @ 0x41003000) -- CPU_ReadMem(16 bytes @ 0xE00FFFF0) -- CPU_ReadMem(16 bytes @ 0xE00FFFE0)ROMTbl 0 [0]: 9F0FC000, CID: B105100D, PID: 000BB4C0 ROM TableROMTbl 1 @ E00FF000 -- CPU_ReadMem(16 bytes @ 0xE00FF000) -- CPU_ReadMem(16 bytes @ 0xE000EFF0) -- CPU_ReadMem(16 bytes @ 0xE000EFE0)ROMTbl 1 [0]: FFF0F000, CID: B105E00D, PID: 000BB008 SCS -- CPU_ReadMem(16 bytes @ 0xE0001FF0)
 -- CPU_ReadMem(16 bytes @ 0xE0001FE0)ROMTbl 1 [1]: FFF02000, CID: B105E00D, PID: 000BB00A DWT -- CPU_ReadMem(16 bytes @ 0xE0002FF0) -- CPU_ReadMem(16 bytes @ 0xE0002FE0)ROMTbl 1 [2]: FFF03000, CID: B105E00D, PID: 000BB00B FPB -- CPU_ReadMem(16 bytes @ 0x41006FF0) -- CPU_ReadMem(16 bytes @ 0x41006FE0)ROMTbl 0 [1]: 00003000, CID: B105900D, PID: 001BB932 MTB-M0+  returns 0x00 (0018ms, 16136ms total)
T309C 262217:530 JLINK_Halt()  returns 0x00 (0002ms, 16138ms total)
T309C 262217:533 JLINK_JTAG_GetDeviceID(DeviceIndex = 0)  returns 0x00 (0000ms, 16138ms total)
T309C 262217:533 JLINK_ReadMemU32(0x41002018, 0x0001 Items, ...) -- CPU_ReadMem(4 bytes @ 0x41002018) - Data: 05 03 01 10  returns 0x01 (0000ms, 16138ms total)
T28B0 262217:535 JLINK_EMU_GetList(InterfaceMask = 0x00000001, MaxInfos = 0x00000032) [0]: USB, S/N: 28007034  returns 0x01 (0000ms, 16138ms total)
T309C 262217:541 JLINK_BeginDownload(Flags = 0x00) (0000ms, 16138ms total)
T309C 262217:541 JLINK_WriteMem(0x00000000, 0x19DC Bytes, ...) - Data: 60 20 00 20 C9 0B 00 00 C5 0B 00 00 C5 0B 00 00 ...  returns 0x19DC (0000ms, 16138ms total)
T309C 262217:542 JLINK_WriteMem(0x000019DC, 0x000C Bytes, ...) - Data: 08 00 00 00 40 1F 00 00 01 00 00 00  returns 0x0C (0000ms, 16138ms total)
T3420 262217:542 JLINK_IsHalted()  returns TRUE (0000ms, 16138ms total)
T3420 262217:542 JLINK_GetMOEs(...) -- CPU_ReadMem(4 bytes @ 0xE000ED30)  returns 0x01 (0000ms, 16138ms total)
T3420 262217:542 JLINK_ReadReg(R15 (PC))Old firmware which does not support pausing periodic actions during flash download -- CPU_ReadMem(4 bytes @ 0x41006004) -- -------------------------------------- -- Start of determining dirty areas in flash cache -- End of determining dirty areas -- Start of preparing flash programming -- Calculating RAM usage -- RAM usage = 2892 Bytes -- Preserving CPU registers -- Preparing memory -- Determining CPU clock frequency -- Preparing target -- Downloading RAMCode
 -- Checking target RAM -- Preparing RAMCode -- End of preparing flash programming -- CPU speed could not be measured. -- Start of comparing flash -- CRC check was estimated as fastest method -- Comparing range 0x0000 - 0x19FF (26 Sectors, 6 KB), using multi-block CRC calculation -- CRC does not match for sectors 0-25 -- End of comparing flash -- Start of erasing sectors -- End of erasing sectors -- Start of flash programming -- Programming range 0x00000000 - 0x000019FF (026 Sectors, 6 KB)
 -- End of flash programming -- 0x0000 - 0x19FF (026 Sectors, 6 KB) -- Start of verifying flash -- Checksum calculation was estimated as fastest method -- Checksum is not supported by this flash bank. Switched to CRC method. -- End of verifying flash -- Start of restoring -- Restoring RAMCode -- Restore target -- Restore memory -- Restoring CPU registers -- End of restoring -- Flash programming performed for 1 range (6656 bytes)
 -- Total time needed: 0.099s (Prepare: 0.030s, Compare: 0.006s, Erase: 0.000s, Program: 0.059s, Verify: 0.000s, Restore: 0.003s)  returns 0xFFFFFFFE (0101ms, 16239ms total)
T309C 262217:643 JLINK_EndDownload()  returns 0x00 (0000ms, 16239ms total)
T27C4 262217:745 JLINK_Halt()  returns 0x00 (0001ms, 16240ms total)
T27C4 262217:746 JLINK_ReadReg(R15 (PC))  returns 0xFFFFFFFE (0000ms, 16240ms total)
T27C4 262217:746 JLINK_ReadReg(R13 (SP))  returns 0x20002000 (0000ms, 16240ms total)
T27C4 262217:772 JLINK_ReadReg(R0)  returns 0x000000AE (0000ms, 16240ms total)
T27C4 262217:772 JLINK_ReadReg(R1)  returns 0x00010000 (0000ms, 16240ms total)
T27C4 262217:772 JLINK_ReadReg(R2)  returns 0xE000E010 (0000ms, 16240ms total)
T27C4 262217:772 JLINK_ReadReg(R3)  returns 0x00000005 (0000ms, 16240ms total)
T27C4 262217:772 JLINK_ReadReg(R4)  returns 0x00001F40 (0000ms, 16240ms total)
T27C4 262217:772 JLINK_ReadReg(R5)  returns 0x00000000 (0000ms, 16240ms total)
T27C4 262217:772 JLINK_ReadReg(R6)  returns 0x000015B9 (0000ms, 16240ms total)
T27C4 262217:772 JLINK_ReadReg(R7)  returns 0x00000115 (0000ms, 16240ms total)
T27C4 262217:772 JLINK_ReadReg(R8)  returns 0x000015B9 (0000ms, 16240ms total)
T27C4 262217:772 JLINK_ReadReg(R9)  returns 0x00000535 (0000ms, 16240ms total)
T27C4 262217:772 JLINK_ReadReg(R10)  returns 0xFBFEFFEE (0000ms, 16240ms total)
T27C4 262217:772 JLINK_ReadReg(R11)  returns 0xFFFFAF9D (0000ms, 16240ms total)
T27C4 262217:772 JLINK_ReadReg(R12)  returns 0x41004400 (0000ms, 16240ms total)
T27C4 262217:772 JLINK_ReadReg(R13 (SP))  returns 0x20002000 (0000ms, 16240ms total)
T27C4 262217:772 JLINK_ReadReg(R14)  returns 0xFFFFFFF9 (0000ms, 16240ms total)
T27C4 262217:772 JLINK_ReadReg(R15 (PC))  returns 0xFFFFFFFE (0000ms, 16240ms total)
T27C4 262217:772 JLINK_ReadReg(XPSR)  returns 0x61000003 (0000ms, 16240ms total)
T27C4 262217:772 JLINK_ReadReg(MSP)  returns 0x20002000 (0000ms, 16240ms total)
T27C4 262217:772 JLINK_ReadReg(PSP)  returns 0xFFFFF7F4 (0000ms, 16240ms total)
T27C4 262217:772 JLINK_ReadReg(PRIMASK)  returns 0x00000000 (0000ms, 16240ms total)
T27C4 262217:772 JLINK_ReadReg(BASEPRI)  returns 0x00000000 (0000ms, 16240ms total)
T27C4 262217:772 JLINK_ReadReg(FAULTMASK)  returns 0x00000000 (0000ms, 16240ms total)
T27C4 262217:772 JLINK_ReadReg(CONTROL)  returns 0x00000000 (0000ms, 16240ms total)
T27C4 262217:783 JLINK_Reset() -- CPU_ReadMem(4 bytes @ 0x20000714) -- CPU_WriteMem(4 bytes @ 0x20000714) -- CPU_ReadMem(4 bytes @ 0xE000EDFC) -- CPU_WriteMem(4 bytes @ 0xE000EDFC) -- CPU_WriteMem(4 bytes @ 0xE000ED0C) -- CPU is running -- CPU_ReadMem(4 bytes @ 0xE000EDF0) -- CPU is running -- CPU_ReadMem(4 bytes @ 0x41002100) -- CPU is running -- CPU_WriteMem(4 bytes @ 0xE000EDFC) -- CPU_WriteMem(4 bytes @ 0xE0002000) -- CPU_ReadMem(4 bytes @ 0xE000EDFC) -- CPU_ReadMem(4 bytes @ 0xE0001000)
 -- CPU_WriteMem(4 bytes @ 0xE0001000) (0008ms, 16248ms total)
T3420 262217:791 JLINK_IsHalted()  returns TRUE (0000ms, 16248ms total)
T3420 262217:791 JLINK_GetMOEs(...) -- CPU_ReadMem(4 bytes @ 0xE000ED30)  returns 0x01 (0001ms, 16249ms total)
T3420 262217:792 JLINK_ReadReg(R15 (PC))  returns 0x00000BC8 (0000ms, 16249ms total)
T27C4 262217:801 JLINK_ReadReg(R15 (PC))  returns 0x00000BC8 (0000ms, 16249ms total)
T27C4 262217:801 JLINK_ReadReg(R13 (SP))  returns 0x20002060 (0000ms, 16249ms total)
T27C4 262217:811 JLINK_ReadMemHW(0x00000BC8, 0x0004 Bytes, ...) -- CPU_ReadMem(4 bytes @ 0x00000BC8) - Data: 70 B5 2E 4B  returns 0x00 (0000ms, 16249ms total)
T27C4 262217:842 JLINK_ReadMemHW(0x00000CC0, 0x0001 Bytes, ...) -- CPU_ReadMem(1 bytes @ 0x00000CC0) - Data: F8  returns 0x00 (0000ms, 16249ms total)
T27C4 262217:874 JLINK_ReadReg(R15 (PC))  returns 0x00000BC8 (0000ms, 16249ms total)
T27C4 262217:874 JLINK_GetNumBPUnits(Type = 0xFFFFFF02)  returns 0x04 (0000ms, 16249ms total)
T27C4 262217:874 JLINK_SetBPEx(Addr = 0x00000CC0, Type = 0xFFFFFFF2)  returns 0x00000001 (0000ms, 16249ms total)
T27C4 262217:874 JLINK_GetBPInfo(BPHandle = 1)  returns 0x00 (0000ms, 16249ms total)
T27C4 262217:874 JLINK_Go() -- CPU_WriteMem(4 bytes @ 0xE0002000) -- CPU_ReadMem(4 bytes @ 0xE0001000) -- CPU_WriteMem(4 bytes @ 0xE000ED30) -- CPU_WriteMem(4 bytes @ 0xE0001000) -- CPU_WriteMem(4 bytes @ 0xE0002008) -- CPU_WriteMem(4 bytes @ 0xE000200C) -- CPU_WriteMem(4 bytes @ 0xE0002010) -- CPU_WriteMem(4 bytes @ 0xE0002014) -- CPU_WriteMem(4 bytes @ 0xE0001004) (0004ms, 16253ms total)
T3420 262217:878 JLINK_IsHalted() -- CPU is running -- CPU_ReadMem(4 bytes @ 0x41002100)  returns FALSE (0000ms, 16253ms total)
T3420 262217:898 JLINK_IsHalted()  returns TRUE (0002ms, 16255ms total)
T3420 262217:900 JLINK_GetMOEs(...) -- CPU_ReadMem(4 bytes @ 0xE000ED30)  returns 0x01 (0000ms, 16253ms total)
T3420 262217:900 JLINK_ReadReg(R15 (PC))  returns 0x00000CC0 (0000ms, 16253ms total)
T3420 262217:900 JLINK_WriteU32(0xE000EDFC, 0x01000000) -- CPU_WriteMem(4 bytes @ 0xE000EDFC)  returns 0x00 (0001ms, 16254ms total)
T3420 262217:901 JLINK_ReadMem (0xE0001000, 0x0004 Bytes, ...) -- CPU_ReadMem(4 bytes @ 0xE0001000) - Data: 00 00 00 20  returns 0x00 (0000ms, 16254ms total)
T3420 262217:901 JLINK_WriteU32(0xE0001000, 0x20000001)  returns 0x00 (0000ms, 16254ms total)
T3420 262217:901 JLINK_WriteU32(0xE0001028, 0x00000100)  returns 0x00 (0000ms, 16254ms total)
T3420 262217:901 JLINK_ReadMem (0xE0001028, 0x0004 Bytes, ...) -- CPU_WriteMem(4 bytes @ 0xE0001028) -- CPU_ReadMem(4 bytes @ 0xE0001028) - Data: 00 00 00 00  returns 0x00 (0001ms, 16255ms total)
T3420 262217:902 JLINK_WriteU32(0xE0001024, 0x0000001F)  returns 0x00 (0000ms, 16255ms total)
T3420 262217:902 JLINK_ReadMem (0xE0001024, 0x0004 Bytes, ...) -- CPU_WriteMem(4 bytes @ 0xE0001024) -- CPU_ReadMem(4 bytes @ 0xE0001024) - Data: 1F 00 00 00  returns 0x00 (0000ms, 16255ms total)
T3420 262217:902 JLINK_WriteU32(0xE0001038, 0x00000100)  returns 0x00 (0000ms, 16255ms total)
T3420 262217:902 JLINK_ReadMem (0xE0001038, 0x0004 Bytes, ...) -- CPU_WriteMem(4 bytes @ 0xE0001038) -- CPU_ReadMem(4 bytes @ 0xE0001038) - Data: 00 00 00 00  returns 0x00 (0001ms, 16256ms total)
T3420 262217:903 JLINK_WriteU32(0xE0001034, 0x0000001F)  returns 0x00 (0000ms, 16256ms total)
T3420 262217:903 JLINK_ReadMem (0xE0001034, 0x0004 Bytes, ...) -- CPU_WriteMem(4 bytes @ 0xE0001034) -- CPU_ReadMem(4 bytes @ 0xE0001034) - Data: 1F 00 00 00  returns 0x00 (0001ms, 16257ms total)
T3420 262217:904 JLINK_WriteU32(0xE0001020, 0x00000000)  returns 0x00 (0000ms, 16257ms total)
T3420 262217:904 JLINK_WriteU32(0xE0001024, 0x00000000)  returns 0x00 (0000ms, 16257ms total)
T3420 262217:904 JLINK_WriteU32(0xE0001028, 0x00000000)  returns 0x00 (0000ms, 16257ms total)
T3420 262217:904 JLINK_WriteU32(0xE0001030, 0x00000000)  returns 0x00 (0000ms, 16257ms total)
T3420 262217:904 JLINK_WriteU32(0xE0001034, 0x00000000)  returns 0x00 (0000ms, 16257ms total)
T3420 262217:904 JLINK_WriteU32(0xE0001038, 0x00000000)  returns 0x00 (0000ms, 16257ms total)
T3420 262217:904 JLINK_GetBPInfo(BPHandle = 1)  returns 0x00 (0000ms, 16257ms total)
T3420 262217:904 JLINK_ClrBPEx(BPHandle = 0x00000001)  returns 0x00 (0000ms, 16257ms total)
T27C4 262217:908 JLINK_ReadReg(R15 (PC))  returns 0x00000CC0 (0000ms, 16257ms total)
T27C4 262217:908 JLINK_ReadReg(R13 (SP))  returns 0x20002050 (0000ms, 16257ms total)
T27C4 262217:908 JLINK_ReadMemHW(0x00000CC0, 0x0004 Bytes, ...) -- CPU_ReadMem(4 bytes @ 0x00000CC0) - Data: F8 B5 4F 46  returns 0x00 (0000ms, 16257ms total)
T27C4 262217:919 JLINK_ReadReg(R15 (PC))  returns 0x00000CC0 (0000ms, 16257ms total)
T27C4 262217:919 JLINK_Go() -- CPU_WriteMem(4 bytes @ 0xE0001000) -- CPU_ReadMem(4 bytes @ 0xE0001000) -- CPU_WriteMem(4 bytes @ 0xE000ED30) -- CPU_WriteMem(4 bytes @ 0xE0001000) -- CPU_WriteMem(4 bytes @ 0xE0001020) -- CPU_WriteMem(4 bytes @ 0xE0001030) -- CPU_WriteMem(4 bytes @ 0xE0001024) -- CPU_WriteMem(4 bytes @ 0xE0001034) -- CPU_WriteMem(4 bytes @ 0xE0001028) -- CPU_WriteMem(4 bytes @ 0xE0001038) -- CPU_WriteMem(4 bytes @ 0xE0002008) (0004ms, 16261ms total)
T3420 262217:923 JLINK_IsHalted() -- CPU is running -- CPU_ReadMem(4 bytes @ 0x41002100)  returns FALSE (0000ms, 16261ms total)
T3420 262217:963 JLINK_IsHalted() -- CPU is running -- CPU_ReadMem(4 bytes @ 0x41002100)  returns FALSE (0000ms, 16261ms total)
T3420 262218:124 JLINK_IsHalted() -- CPU is running -- CPU_ReadMem(4 bytes @ 0x41002100)  returns FALSE (0000ms, 16261ms total)
T3420 262218:324 JLINK_IsHalted() -- CPU is running -- CPU_ReadMem(4 bytes @ 0x41002100)  returns FALSE (0000ms, 16261ms total)
T3420 262218:524 JLINK_IsHalted() -- CPU is running -- CPU_ReadMem(4 bytes @ 0x41002100)  returns FALSE (0000ms, 16261ms total)
T3420 262218:725 JLINK_IsHalted() -- CPU is running -- CPU_ReadMem(4 bytes @ 0x41002100)  returns FALSE (0000ms, 16261ms total)
T28B0 262218:848 JLINK_EMU_GetList(InterfaceMask = 0x00000001, MaxInfos = 0x00000032) [0]: USB, S/N: 28007034  returns 0x01 (0000ms, 16261ms total)
T3420 262218:925 JLINK_IsHalted() -- CPU is running -- CPU_ReadMem(4 bytes @ 0x41002100)  returns FALSE (0000ms, 16261ms total)
T3420 262219:125 JLINK_IsHalted() -- CPU is running -- CPU_ReadMem(4 bytes @ 0x41002100)  returns FALSE (0000ms, 16261ms total)
T3420 262219:326 JLINK_IsHalted() -- CPU is running -- CPU_ReadMem(4 bytes @ 0x41002100)  returns FALSE (0000ms, 16261ms total)
T3420 262219:526 JLINK_IsHalted() -- CPU is running -- CPU_ReadMem(4 bytes @ 0x41002100)  returns FALSE (0000ms, 16261ms total)
T3420 262219:726 JLINK_IsHalted() -- CPU is running -- CPU_ReadMem(4 bytes @ 0x41002100)  returns FALSE (0000ms, 16261ms total)
T3420 262219:926 JLINK_IsHalted() -- CPU is running -- CPU_ReadMem(4 bytes @ 0x41002100)  returns FALSE (0000ms, 16261ms total)
T3420 262220:127 JLINK_IsHalted() -- CPU is running -- CPU_ReadMem(4 bytes @ 0x41002100)  returns FALSE (0000ms, 16261ms total)
T28B0 262220:160 JLINK_EMU_GetList(InterfaceMask = 0x00000001, MaxInfos = 0x00000032) [0]: USB, S/N: 28007034  returns 0x01 (0000ms, 16261ms total)
T3420 262220:328 JLINK_IsHalted() -- CPU is running -- CPU_ReadMem(4 bytes @ 0x41002100)  returns FALSE (0000ms, 16261ms total)
T3420 262220:528 JLINK_IsHalted() -- CPU is running -- CPU_ReadMem(4 bytes @ 0x41002100)  returns FALSE (0000ms, 16261ms total)
T3420 262220:728 JLINK_IsHalted() -- CPU is running -- CPU_ReadMem(4 bytes @ 0x41002100)  returns FALSE (0000ms, 16261ms total)
T3420 262220:928 JLINK_IsHalted() -- CPU is running -- CPU_ReadMem(4 bytes @ 0x41002100)  returns FALSE (0000ms, 16261ms total)
T3420 262221:129 JLINK_IsHalted() -- CPU is running -- CPU_ReadMem(4 bytes @ 0x41002100)  returns FALSE (0000ms, 16261ms total)
T3420 262221:329 JLINK_IsHalted() -- CPU is running -- CPU_ReadMem(4 bytes @ 0x41002100)  returns FALSE (0000ms, 16261ms total)
T28B0 262221:472 JLINK_EMU_GetList(InterfaceMask = 0x00000001, MaxInfos = 0x00000032) [0]: USB, S/N: 28007034  returns 0x01 (0000ms, 16261ms total)
T3420 262221:530 JLINK_IsHalted() -- CPU is running -- CPU_ReadMem(4 bytes @ 0x41002100)  returns FALSE (0000ms, 16261ms total)
T3420 262221:730 JLINK_IsHalted() -- CPU is running -- CPU_ReadMem(4 bytes @ 0x41002100)  returns FALSE (0000ms, 16261ms total)
T3420 262221:930 JLINK_IsHalted() -- CPU is running -- CPU_ReadMem(4 bytes @ 0x41002100)  returns FALSE (0000ms, 16261ms total)
T3420 262222:132 JLINK_IsHalted() -- CPU is running -- CPU_ReadMem(4 bytes @ 0x41002100)  returns FALSE (0000ms, 16261ms total)
T3420 262222:333 JLINK_IsHalted() -- CPU is running -- CPU_ReadMem(4 bytes @ 0x41002100)  returns FALSE (0000ms, 16261ms total)
T3420 262222:534 JLINK_IsHalted() -- CPU is running -- CPU_ReadMem(4 bytes @ 0x41002100)  returns FALSE (0000ms, 16261ms total)
T3420 262222:734 JLINK_IsHalted() -- CPU is running -- CPU_ReadMem(4 bytes @ 0x41002100)  returns FALSE (0000ms, 16261ms total)
T28B0 262222:784 JLINK_EMU_GetList(InterfaceMask = 0x00000001, MaxInfos = 0x00000032) [0]: USB, S/N: 28007034  returns 0x01 (0000ms, 16261ms total)
T3420 262222:935 JLINK_IsHalted() -- CPU is running -- CPU_ReadMem(4 bytes @ 0x41002100)  returns FALSE (0000ms, 16261ms total)
T3420 262223:135 JLINK_IsHalted() -- CPU is running -- CPU_ReadMem(4 bytes @ 0x41002100)  returns FALSE (0000ms, 16261ms total)
T3420 262223:335 JLINK_IsHalted() -- CPU is running -- CPU_ReadMem(4 bytes @ 0x41002100)  returns FALSE (0000ms, 16261ms total)
T3420 262223:535 JLINK_IsHalted() -- CPU is running -- CPU_ReadMem(4 bytes @ 0x41002100)  returns FALSE (0000ms, 16261ms total)
T3420 262223:736 JLINK_IsHalted() -- CPU is running -- CPU_ReadMem(4 bytes @ 0x41002100)  returns FALSE (0000ms, 16261ms total)
T3420 262223:936 JLINK_IsHalted() -- CPU is running -- CPU_ReadMem(4 bytes @ 0x41002100)  returns FALSE (0000ms, 16261ms total)
T28B0 262224:096 JLINK_EMU_GetList(InterfaceMask = 0x00000001, MaxInfos = 0x00000032) [0]: USB, S/N: 28007034  returns 0x01 (0000ms, 16261ms total)
T3420 262224:136 JLINK_IsHalted() -- CPU is running -- CPU_ReadMem(4 bytes @ 0x41002100)  returns FALSE (0000ms, 16261ms total)
T3420 262224:338 JLINK_IsHalted() -- CPU is running -- CPU_ReadMem(4 bytes @ 0x41002100)  returns FALSE (0000ms, 16261ms total)
T3420 262224:538 JLINK_IsHalted() -- CPU is running -- CPU_ReadMem(4 bytes @ 0x41002100)  returns FALSE (0000ms, 16261ms total)
T3420 262224:738 JLINK_IsHalted() -- CPU is running -- CPU_ReadMem(4 bytes @ 0x41002100)  returns FALSE (0000ms, 16261ms total)
T27C4 262224:912 JLINK_Halt()  returns 0x00 (0002ms, 16263ms total)
T3420 262224:939 JLINK_IsHalted()  returns TRUE (0000ms, 16263ms total)
T3420 262224:939 JLINK_GetMOEs(...) -- CPU_ReadMem(4 bytes @ 0xE000ED30)  returns 0x01 (0000ms, 16263ms total)
T3420 262224:939 JLINK_ReadReg(R15 (PC))  returns 0x00000550 (0000ms, 16263ms total)
T3420 262225:139 JLINK_IsHalted()  returns TRUE (0000ms, 16263ms total)
T309C 262225:139 JLINK_ResetPullsRESET(ON) (0000ms, 16263ms total)
T309C 262225:139 JLINK_ResetNoHalt() >0x108 TIF>Found SWD-DP with ID 0x0BC11477 >0x0D TIF> >0x28 TIF> >0x0D TIF> >0x28 TIF> >0x0D TIF> >0x28 TIF> >0x0D TIF> >0x28 TIF> >0x0D TIF> >0x21 TIF> >0x0D TIF> >0x28 TIF> >0x0D TIF> >0x28 TIF> >0x0D TIF> >0x28 TIF> >0x0D TIF> >0x21 TIF> >0x0D TIF> >0x21 TIF> >0x108 TIF>Found SWD-DP with ID 0x0BC11477 >0x0D TIF> >0x28 TIF> >0x0D TIF> >0x28 TIF> >0x0D TIF> >0x28 TIF> >0x0D TIF> >0x28 TIF> >0x0D TIF> >0x21 TIF> >0x0D TIF> >0x28 TIF> >0x0D TIF> >0x28 TIF> >0x0D TIF>
 >0x21 TIF> >0x0D TIF> >0x21 TIF> >0x0D TIF> >0x21 TIF>AP-IDR: 0x04770031, Type: AHB-AP >0x0D TIF> >0x28 TIF> >0x0D TIF> >0x28 TIF> >0x0D TIF> >0x28 TIF> >0x0D TIF> >0x21 TIF> >0x0D TIF> >0x21 TIF> >0x0D TIF> >0x28 TIF> >0x0D TIF> >0x21 TIF> >0x0D TIF> >0x21 TIF>Found Cortex-M0 r0p1, Little endian. -- CPU_ReadMem(4 bytes @ 0xE000EDF0) -- CPU_ReadMem(4 bytes @ 0xE0002000)FPUnit: 4 code (BP) slots and 0 literal slots -- CPU_ReadMem(4 bytes @ 0xE0001000)CoreSight components:ROMTbl 0 @ 41003000
 -- CPU_ReadMem(16 bytes @ 0x41003000) -- CPU_ReadMem(16 bytes @ 0xE00FFFF0) -- CPU_ReadMem(16 bytes @ 0xE00FFFE0)ROMTbl 0 [0]: 9F0FC000, CID: B105100D, PID: 000BB4C0 ROM TableROMTbl 1 @ E00FF000 -- CPU_ReadMem(16 bytes @ 0xE00FF000) -- CPU_ReadMem(16 bytes @ 0xE000EFF0) -- CPU_ReadMem(16 bytes @ 0xE000EFE0)ROMTbl 1 [0]: FFF0F000, CID: B105E00D, PID: 000BB008 SCS -- CPU_WriteMem(4 bytes @ 0xE0001000) -- CPU_ReadMem(16 bytes @ 0xE0001FF0) -- CPU_ReadMem(16 bytes @ 0xE0001FE0)
ROMTbl 1 [1]: FFF02000, CID: B105E00D, PID: 000BB00A DWT -- CPU_ReadMem(16 bytes @ 0xE0002FF0) -- CPU_ReadMem(16 bytes @ 0xE0002FE0)ROMTbl 1 [2]: FFF03000, CID: B105E00D, PID: 000BB00B FPB -- CPU_ReadMem(16 bytes @ 0x41006FF0) -- CPU_ReadMem(16 bytes @ 0x41006FE0)ROMTbl 0 [1]: 00003000, CID: B105900D, PID: 001BB932 MTB-M0+
                JLINK_Reset() -- CPU_ReadMem(4 bytes @ 0xE000EDFC) -- CPU_WriteMem(4 bytes @ 0xE000EDFC) -- CPU_WriteMem(4 bytes @ 0xE000ED0C) -- CPU is running -- CPU_ReadMem(4 bytes @ 0xE000EDF0) -- CPU is running -- CPU_ReadMem(4 bytes @ 0x41002100) -- CPU is running -- CPU_WriteMem(4 bytes @ 0xE000EDFC) -- CPU_WriteMem(4 bytes @ 0xE0002000) -- CPU_ReadMem(4 bytes @ 0xE000EDFC) -- CPU_ReadMem(4 bytes @ 0xE0001000) -- CPU_WriteMem(4 bytes @ 0xE0001000) (0007ms, 0007ms total)
                JLINK_Go() -- CPU_ReadMem(4 bytes @ 0xE0001000) -- CPU_WriteMem(4 bytes @ 0xE0001000) -- CPU_WriteMem(4 bytes @ 0xE0002008) -- CPU_WriteMem(4 bytes @ 0xE000200C) -- CPU_WriteMem(4 bytes @ 0xE0002010) -- CPU_WriteMem(4 bytes @ 0xE0002014) -- CPU_WriteMem(4 bytes @ 0xE0001004) (0003ms, 0010ms total)
               (0028ms, 16291ms total)
T309C 262225:181 JLINK_Close() -- CPU is running -- CPU_WriteMem(4 bytes @ 0xE0002008) -- CPU is running -- CPU_WriteMem(4 bytes @ 0xE000200C) -- CPU is running -- CPU_WriteMem(4 bytes @ 0xE0002010) -- CPU is running -- CPU_WriteMem(4 bytes @ 0xE0002014) (0007ms, 16298ms total)
T309C 262225:181  (0007ms, 16298ms total)
T309C 262225:181 Closed (0007ms, 16298ms total)
